<?xml version="1.0" encoding="UTF-8" ?>

<testsuite failures="0" time="0.064" errors="0" skipped="0" tests="7" name="BasicTest">
  <testcase classname="BasicTest" name="tryConnectAsUser" time="0.006">
      </testcase>
  <testcase classname="BasicTest" name="useTheCommentsRelation" time="0.011">
      </testcase>
  <testcase classname="BasicTest" name="fullTest" time="0.03">
      </testcase>
  <testcase classname="BasicTest" name="testTags" time="0.01">
      </testcase>
  <testcase classname="BasicTest" name="createPost" time="0.002">
      </testcase>
  <testcase classname="BasicTest" name="postComments" time="0.004">
      </testcase>
  <testcase classname="BasicTest" name="createAndRetrieveUsert" time="0.001">
      </testcase>
</testsuite>
